<?xml version="1.0" encoding="UTF-8"?>
<!-- Generated by org.testng.reporters.JUnitReportReporter -->
<testsuite hostname="LAPTOP-APP06KDG" failures="0" tests="3" name="com.rini.PracticeJenkins.PracticeInterviewJuly" time="6.824" errors="0" timestamp="2023-07-14T08:29:41 EDT" skipped="2">
  <testcase classname="com.rini.PracticeJenkins.PracticeInterviewJuly" name="testwindowhandle" time="6.824"/>
  <testcase classname="com.rini.PracticeJenkins.PracticeInterviewJuly" name="testframe">
    <skipped/>
  </testcase> <!-- testframe -->
  <testcase classname="com.rini.PracticeJenkins.PracticeInterviewJuly" name="validateLoginWithCorrectDetails">
    <skipped/>
  </testcase> <!-- validateLoginWithCorrectDetails -->
</testsuite> <!-- com.rini.PracticeJenkins.PracticeInterviewJuly -->
